*** Note: Rebuilding project, since 'Options->Output->Create Batch File' is selected.
Rebuild target 'Target 1'
assembling STARTUP.A51...
compiling delay.c...
compiling i2c.c...
compiling smg.c...
compiling key.c...
compiling timer.c...
compiling hc573.c...
compiling ds18b20.c...
compiling utralsound.c...
compiling led.c...
compiling pcf8591.c...
compiling relay.c...
compiling main.c...
linking...
*** WARNING L16: UNCALLED SEGMENT, IGNORED FOR OVERLAY PROCESS
    SEGMENT: ?PR?_DELAY_MS?DELAY

*** WARNING L16: UNCALLED SEGMENT, IGNORED FOR OVERLAY PROCESS
    SEGMENT: ?PR?_PCF8591_DA_WRITE?PCF8591

Program Size: data=76.2 xdata=0 code=3484
creating hex file from ".\Objects\lqb16"...
".\Objects\lqb16" - 0 Error(s), 2 Warning(s).
Build Time Elapsed:  00:00:01
