C51 COMPILER V9.59.0.0   KEY                                                               05/03/2025 11:33:24 PAGE 1   


C51 COMPILER V9.59.0.0, COMPILATION OF MODULE KEY
OBJECT MODULE PLACED IN .\Objects\key.obj
COMPILER INVOKED BY: D:\Keil_v5\C51\BIN\C51.EXE device\src\key.c OPTIMIZE(8,SPEED) BROWSE INCDIR(.\driver\inc;.\device\i
                    -nc) DEBUG OBJECTEXTEND PRINT(.\Listings\key.lst) OBJECT(.\Objects\key.obj)

line level    source

   1          #include "key.h"
   2          
   3          sbit R1 = P3^0;
   4          sbit R2 = P3^1;
   5          sbit R3 = P3^2;
   6          sbit R4 = P3^3;
   7          
   8          sbit C4 = P3^4;
   9          sbit C3 = P3^5;
  10          sbit C2 = P4^2;
  11          sbit C1 = P4^4;
  12          
  13          /**
  14           * @brief 矩阵键盘扫描函数
  15           *
  16           * 该函数用于扫描 4x4 矩阵键盘，检测按键按下事件，并返回按键对应的键值。
  17           * 通过逐列扫描的方式，检测每一列上的按键状态，若检测到按键按下，则更新
             -值。
  18           *
  19           * @param 无
  20           * @return 按键对应的键值，若没有按键按下则返回 0
  21           * @note 如果有需要使用555芯片，需要注释掉P4端口相关，否则会引起硬件冲突，
             -里只考虑了判断哪个
  22           *       按键按下，此外按下和松开分别实现不同功能、长按生效、短按生效等考
             -也经常考
  23           */
  24          unsigned char Key_Matrix_Scan(void)
  25          {
  26   1              unsigned char temp = 0;
  27   1      
  28   1              C1 = 0;
  29   1              C2 = 1;
  30   1              C3 = 1;
  31   1              C4 = 1;
  32   1              if (R1 == 0)
  33   1                      temp = KEY_R1C1;
  34   1              if (R2 == 0)
  35   1                      temp = KEY_R2C1;
  36   1              if (R3 == 0)
  37   1                      temp = KEY_R3C1;
  38   1              if (R4 == 0)
  39   1                      temp = KEY_R4C1;
  40   1      
  41   1              C1 = 1;
  42   1              C2 = 0;
  43   1              C3 = 1;
  44   1              C4 = 1;
  45   1              if (R1 == 0)
  46   1              temp = KEY_R1C2;
  47   1              if (R2 == 0)
  48   1                      temp = KEY_R2C2;
  49   1              if (R3 == 0)
  50   1                      temp = KEY_R3C2;
  51   1              if (R4 == 0)
C51 COMPILER V9.59.0.0   KEY                                                               05/03/2025 11:33:24 PAGE 2   

  52   1                      temp = KEY_R4C2;
  53   1      
  54   1              if (R3 == 0 && R4 == 0)
  55   1                      temp = 89;
  56   1      
  57   1              C1 = 1;
  58   1              C2 = 1;
  59   1              C3 = 0;
  60   1              C4 = 1;
  61   1              if (R1 == 0)
  62   1                      temp = KEY_R1C3;
  63   1              if (R2 == 0)
  64   1                      temp = KEY_R2C3;
  65   1              if (R3 == 0)
  66   1                      temp = KEY_R3C3;
  67   1              if (R4 == 0)
  68   1                      temp = KEY_R4C3;
  69   1      
  70   1              C1 = 1;
  71   1              C2 = 1;
  72   1              C3 = 1;
  73   1              C4 = 0;
  74   1              if (R1 == 0)
  75   1                      temp = KEY_R2C4;
  76   1              if (R2 == 0)
  77   1                      temp = KEY_R2C4;
  78   1              if (R3 == 0)
  79   1                      temp = KEY_R3C4;
  80   1              if (R4 == 0)
  81   1                      temp = KEY_R4C4;
  82   1      
  83   1              return temp;
  84   1      }


MODULE INFORMATION:   STATIC OVERLAYABLE
   CODE SIZE        =    123    ----
   CONSTANT SIZE    =   ----    ----
   XDATA SIZE       =   ----    ----
   PDATA SIZE       =   ----    ----
   DATA SIZE        =   ----    ----
   IDATA SIZE       =   ----    ----
   BIT SIZE         =   ----    ----
END OF MODULE INFORMATION.


C51 COMPILATION COMPLETE.  0 WARNING(S),  0 ERROR(S)
