C51 COMPILER V9.59.0.0   TIMER                                                             05/03/2025 11:33:25 PAGE 1   


C51 COMPILER V9.59.0.0, COMPILATION OF MODULE TIMER
OBJECT MODULE PLACED IN .\Objects\timer.obj
COMPILER INVOKED BY: D:\Keil_v5\C51\BIN\C51.EXE device\src\timer.c OPTIMIZE(8,SPEED) BROWSE INCDIR(.\driver\inc;.\device
                    -\inc) DEBUG OBJECTEXTEND PRINT(.\Listings\timer.lst) OBJECT(.\Objects\timer.obj)

line level    source

   1          #include "timer.h"
   2          
   3          
   4          
   5          /**
   6           * @brief хИЭхзЛхМЦхоЪцЧ╢хЩи1я╝Мф╜┐хЕ╢ф╗е1цплчзТчЪДщЧ┤щЪФф║зчФЯф╕нцЦн
   7           *
   8           * шпехЗ╜цХ░щЕНч╜охоЪцЧ╢хЩи1хЬи12.000MHzцЩ╢цМпф╕Ля╝МцпП1цплчзТф║зчФЯф╕Ацмбф╕нцЦнуАВ
   9           * щАЪш┐Зшо╛ч╜охоЪцЧ╢хЩицЧ╢щТЯцибх╝ПуАБхоЪцЧ╢хЩицибх╝ПуАБхоЪцЧ╢хИЭхзЛхА╝я╝Мх╣╢ф╜┐шГ╜хоЪцЧ╢хЩихТМф╕нцЦнцЭех
             -оЮчО░уАВ
  10           *
  11           * @param  цЧа
  12           * @return цЧа
  13           */
  14          void Timer1_Init(void)          //1цплчзТ@12.000MHz
  15          {
  16   1              AUXR &= 0xBF;                   //хоЪцЧ╢хЩицЧ╢щТЯ12Tцибх╝П
  17   1              TMOD &= 0x0F;                   //шо╛ч╜охоЪцЧ╢хЩицибх╝П
  18   1              TL1 = 0x18;                             //шо╛ч╜охоЪцЧ╢хИЭхзЛхА╝
  19   1              TH1 = 0xFC;                             //шо╛ч╜охоЪцЧ╢хИЭхзЛхА╝
  20   1              TF1 = 0;                                //ц╕ЕщЩдTF1цаЗх┐Ч
  21   1              TR1 = 1;                                //хоЪцЧ╢хЩи1х╝АхзЛшобцЧ╢
  22   1          ET1 = 1;                // ф╜┐шГ╜хоЪцЧ╢хЩи1ф╕нцЦн
  23   1              EA = 1;                 //х╝АцА╗ф╕нцЦн
  24   1      }
  25          
  26          
  27          


MODULE INFORMATION:   STATIC OVERLAYABLE
   CODE SIZE        =     21    ----
   CONSTANT SIZE    =   ----    ----
   XDATA SIZE       =   ----    ----
   PDATA SIZE       =   ----    ----
   DATA SIZE        =   ----    ----
   IDATA SIZE       =   ----    ----
   BIT SIZE         =   ----    ----
END OF MODULE INFORMATION.


C51 COMPILATION COMPLETE.  0 WARNING(S),  0 ERROR(S)
