C51 COMPILER V9.59.0.0   UTRALSOUND                                                        05/01/2025 17:55:27 PAGE 1   


C51 COMPILER V9.59.0.0, COMPILATION OF MODULE UTRALSOUND
OBJECT MODULE PLACED IN .\Objects\utralsound.obj
COMPILER INVOKED BY: D:\Keil_v5\C51\BIN\C51.EXE device\src\utralsound.c OPTIMIZE(8,SPEED) BROWSE INCDIR(.\driver\inc;.\d
                    -evice\inc) DEBUG OBJECTEXTEND PRINT(.\Listings\utralsound.lst) OBJECT(.\Objects\utralsound.obj)

line level    source

   1          #include "utralsound.h"
   2          
   3          #include "delay.h"
   4          
   5          sbit usTx = P1^0;
   6          sbit usRx = P1^1;
   7          
   8          void utralsound_init(void)
   9          {
  10   1          unsigned char i = 0;
  11   1          for(i=0; i<8; i++) {
  12   2              usTx = 1;
  13   2              Delay12us();
  14   2              usTx = 0;
  15   2              Delay12us();
  16   2          }
  17   1      }
  18          
  19          /**
  20           * @brief 获取超声波测量的距离数据
  21           * 
  22           * 此函数通过控制超声波模块发射和接收信号，利用定时器计时，
  23           * 根据计时结果计算并返回测量得到的距离。若测量超时，则返回特定值。
  24           * 
  25           * @return unsigned int 测量得到的距离，单位为厘米（取决于计算系数），
  26           *                    测量超时返回 999
  27           */
  28          unsigned int us_data(void)
  29          {
  30   1          unsigned int time;
  31   1          CH = CL = 0;
  32   1          CCON = 0;
  33   1          
  34   1          EA = 0;
  35   1          utralsound_init();
  36   1          EA = 1;
  37   1      
  38   1          CR = 1;
  39   1          while(usRx && !CF);
  40   1      
  41   1          CR = 0;
  42   1          if (CF == 0) {
  43   2              time =  CH << 8 | CL;
  44   2              //return ((time / 100) * 17) / 100 +3;
  45   2              return time * 0.017;
  46   2          } else {
  47   2              CF = 0;
  48   2              return 999;
  49   2          }
  50   1      }


MODULE INFORMATION:   STATIC OVERLAYABLE
   CODE SIZE        =     93    ----
C51 COMPILER V9.59.0.0   UTRALSOUND                                                        05/01/2025 17:55:27 PAGE 2   

   CONSTANT SIZE    =   ----    ----
   XDATA SIZE       =   ----    ----
   PDATA SIZE       =   ----    ----
   DATA SIZE        =   ----       1
   IDATA SIZE       =   ----    ----
   BIT SIZE         =   ----    ----
END OF MODULE INFORMATION.


C51 COMPILATION COMPLETE.  0 WARNING(S),  0 ERROR(S)
